#
# A fatal error has been detected by the Java Runtime Environment:
#
#  SIGSEGV (0xb) at pc=0x00000001082c6788, pid=25615, tid=10499
#
# JRE version: Java(TM) SE Runtime Environment (7.0_45-b18) (build 1.7.0_45-b18)
# Java VM: Java HotSpot(TM) 64-Bit Server VM (24.45-b08 mixed mode bsd-amd64 compressed oops)
# Problematic frame:
# V  [libjvm.dylib+0x48a788]  SignatureIterator::expect(char)+0x14
#
# Failed to write core dump. Core dumps have been disabled. To enable core dumping, try "ulimit -c unlimited" before starting Java again
#
# If you would like to submit a bug report, please visit:
#   http://bugreport.sun.com/bugreport/crash.jsp
#

---------------  T H R E A D  ---------------

Current thread (0x00007f986380d800):  GCTaskThread [stack: 0x000000010c4a9000,0x000000010c5a9000] [id=10499]

siginfo:si_signo=SIGSEGV: si_errno=0, si_code=1 (SEGV_MAPERR), si_addr=0x000000000000000a

Registers:
RAX=0x0000000000000000, RBX=0x000000010c5a7e88, RCX=0x0000000000000000, RDX=0x0000000000000000
RSP=0x000000010c5a7d40, RBP=0x000000010c5a7e50, RSI=0x0000000000000028, RDI=0x000000010c5a7e88
R8 =0x00000000000001d8, R9 =0x000000008a000000, R10=0x0000000000000028, R11=0x00007f986acc01f0
R12=0x000000010c5a7e88, R13=0x0000000000001f27, R14=0x0000000000000000, R15=0x000000010c5a8470
RIP=0x00000001082c6788, EFLAGS=0x0000000000010202, ERR=0x0000000000000004
  TRAPNO=0x000000000000000e

Top of Stack: (sp=0x000000010c5a7d40)
0x000000010c5a7d40:   0000000000000000 0000000000000000
0x000000010c5a7d50:   0000000000000000 0000000000000000
0x000000010c5a7d60:   0000000000000000 0000000000000000
0x000000010c5a7d70:   0000000000000000 0000000000000000
0x000000010c5a7d80:   0000000000000000 0000000000000000
0x000000010c5a7d90:   0000000000000000 0000000000000000
0x000000010c5a7da0:   0000000000000000 0000000000000000
0x000000010c5a7db0:   0000000000000000 0000000000000000
0x000000010c5a7dc0:   0000000000000000 0000000000000000
0x000000010c5a7dd0:   0000000000000000 0000000000000000
0x000000010c5a7de0:   0000000000000000 0000000000000000
0x000000010c5a7df0:   0000000000000000 0000000000000000
0x000000010c5a7e00:   0000000000000000 0000000000000000
0x000000010c5a7e10:   0000000000000000 0000000000000000
0x000000010c5a7e20:   000000010c5a7e50 00000001082c65d4
0x000000010c5a7e30:   0000000000000000 000000010c5a7e88
0x000000010c5a7e40:   0000000000000000 000000010c5a7e88
0x000000010c5a7e50:   000000010c5a7e70 00000001082c6880
0x000000010c5a7e60:   0000000000000000 00000000000001d8
0x000000010c5a7e70:   000000010c5a82f0 00000001080b5c5e
0x000000010c5a7e80:   0000000000000000 0000000108595f00
0x000000010c5a7e90:   0000000000000000 0000000000000000
0x000000010c5a7ea0:   000000000000000e 000000010c5a82c0
0x000000010c5a7eb0:   0000000000000000 4fffffff4fffffff
0x000000010c5a7ec0:   4fffffff4fffffff 0000000000000000
0x000000010c5a7ed0:   00007f9869a67ff0 00007f9869a67fd0
0x000000010c5a7ee0:   000000010c5a7f20 000000010824f00c
0x000000010c5a7ef0:   000000080c5a7f20 0000000000000000
0x000000010c5a7f00:   000000004fffffff 0000000000001ef7
0x000000010c5a7f10:   000000010c5a8470 000000010c5a8470
0x000000010c5a7f20:   000000010c5a7f40 00000001080b4fc3
0x000000010c5a7f30:   0000000000000000 000000010c5a7f84 

Instructions: (pc=0x00000001082c6788)
0x00000001082c6768:   df 48 83 c4 08 5b 5d e9 7c ff ff ff 55 48 89 e5
0x00000001082c6778:   53 48 81 ec 08 01 00 00 48 63 47 10 48 8b 4f 08
0x00000001082c6788:   40 38 74 01 0a 48 89 fb 74 39 40 0f be d6 48 8d
0x00000001082c6798:   bd f0 fe ff ff 48 8d 35 ad ca 0e 00 30 c0 e8 c1 

Register to memory mapping:

RAX=0x0000000000000000 is an unknown value
RBX=0x000000010c5a7e88 is an unknown value
RCX=0x0000000000000000 is an unknown value
RDX=0x0000000000000000 is an unknown value
RSP=0x000000010c5a7d40 is an unknown value
RBP=0x000000010c5a7e50 is an unknown value
RSI=0x0000000000000028 is an unknown value
RDI=0x000000010c5a7e88 is an unknown value
R8 =0x00000000000001d8 is an unknown value
R9 =0x000000008a000000 is an unknown value
R10=0x0000000000000028 is an unknown value
R11=0x00007f986acc01f0 is an unknown value
R12=0x000000010c5a7e88 is an unknown value
R13=0x0000000000001f27 is an unknown value
R14=0x0000000000000000 is an unknown value
R15=0x000000010c5a8470 is an unknown value


Stack: [0x000000010c4a9000,0x000000010c5a9000],  sp=0x000000010c5a7d40,  free space=1019k
Native frames: (J=compiled Java code, j=interpreted, Vv=VM code, C=native code)
V  [libjvm.dylib+0x48a788]  SignatureIterator::expect(char)+0x14
V  [libjvm.dylib+0x48a880]  SignatureIterator::iterate_returntype()+0x20
V  [libjvm.dylib+0x279c5e]  GenerateOopMap::do_method(int, int, int, int)+0x74
V  [libjvm.dylib+0x27b799]  GenerateOopMap::interp_bb(BasicBlock*)+0xa5
V  [libjvm.dylib+0x27b9b7]  GenerateOopMap::interp_all()+0x31
V  [libjvm.dylib+0x27be3e]  GenerateOopMap::do_interpretation()+0x44
V  [libjvm.dylib+0x27c1d2]  GenerateOopMap::compute_map(Thread*)+0x1c6
V  [libjvm.dylib+0x41371a]  OopMapForCacheEntry::compute_map(Thread*)+0xb0
V  [libjvm.dylib+0x413879]  OopMapCacheEntry::fill(methodHandle, int)+0xb1
V  [libjvm.dylib+0x413ae6]  OopMapCache::lookup(methodHandle, int, InterpreterOopMap*)+0x126
V  [libjvm.dylib+0x2477a0]  frame::oops_interpreted_do(OopClosure*, RegisterMap const*, bool)+0x246
V  [libjvm.dylib+0x4f0490]  JavaThread::oops_do(OopClosure*, CodeBlobClosure*)+0xf8
V  [libjvm.dylib+0x458c86]  ThreadRootsTask::do_it(GCTaskManager*, unsigned int)+0x70
V  [libjvm.dylib+0x269da7]  GCTaskThread::run()+0x1a1
V  [libjvm.dylib+0x41b1c6]  java_start(Thread*)+0x126
C  [libsystem_pthread.dylib+0x1899]  _pthread_body+0x8a
C  [libsystem_pthread.dylib+0x172a]  _pthread_struct_init+0x0
C  [libsystem_pthread.dylib+0x5fc9]  thread_start+0xd

JavaThread 0x00007f986742a800 (nid = 55043) was being processed
Java frames: (J=compiled Java code, j=interpreted, Vv=VM code)
J  sun.misc.Unsafe.park(ZJ)V
J  com.google.appengine.api.socket.SocketApiHelper.makeSyncCall(Ljava/lang/String;Lcom/google/appengine/repackaged/com/google/io/protocol/ProtocolMessage;Lcom/google/appengine/repackaged/com/google/io/protocol/ProtocolMessage;Lcom/google/appengine/api/socket/SocketServicePb$RemoteSocketServiceError;)Z
J  com.mysql.jdbc.util.ReadAheadInputStream.fill(I)V
J  com.mysql.jdbc.MysqlIO.nextRowFast([Lcom/mysql/jdbc/Field;IZIZZZ)Lcom/mysql/jdbc/ResultSetRow;
J  com.mysql.jdbc.MysqlIO.nextRow([Lcom/mysql/jdbc/Field;IZIZZZLcom/mysql/jdbc/Buffer;)Lcom/mysql/jdbc/ResultSetRow;
J  com.mysql.jdbc.MysqlIO.readSingleRowSet(JIIZ[Lcom/mysql/jdbc/Field;)Lcom/mysql/jdbc/RowData;
J  com.mysql.jdbc.MysqlIO.getResultSet(Lcom/mysql/jdbc/StatementImpl;JIIIZLjava/lang/String;Z[Lcom/mysql/jdbc/Field;)Lcom/mysql/jdbc/ResultSetImpl;
j  com.mysql.jdbc.MysqlIO.readResultsForQueryOrUpdate(Lcom/mysql/jdbc/StatementImpl;IIIZLjava/lang/String;Lcom/mysql/jdbc/Buffer;ZJ[Lcom/mysql/jdbc/Field;)Lcom/mysql/jdbc/ResultSetImpl;+127
j  com.mysql.jdbc.MysqlIO.readAllResults(Lcom/mysql/jdbc/StatementImpl;IIIZLjava/lang/String;Lcom/mysql/jdbc/Buffer;ZJ[Lcom/mysql/jdbc/Field;)Lcom/mysql/jdbc/ResultSetImpl;+30
j  com.mysql.jdbc.MysqlIO.sqlQueryDirect(Lcom/mysql/jdbc/StatementImpl;Ljava/lang/String;Ljava/lang/String;Lcom/mysql/jdbc/Buffer;IIIZLjava/lang/String;[Lcom/mysql/jdbc/Field;)Lcom/mysql/jdbc/ResultSetInternalMethods;+818
j  com.mysql.jdbc.ConnectionImpl.execSQL(Lcom/mysql/jdbc/StatementImpl;Ljava/lang/String;ILcom/mysql/jdbc/Buffer;IIZLjava/lang/String;[Lcom/mysql/jdbc/Field;Z)Lcom/mysql/jdbc/ResultSetInternalMethods;+149
j  com.mysql.jdbc.ConnectionImpl.execSQL(Lcom/mysql/jdbc/StatementImpl;Ljava/lang/String;ILcom/mysql/jdbc/Buffer;IIZLjava/lang/String;[Lcom/mysql/jdbc/Field;)Lcom/mysql/jdbc/ResultSetInternalMethods;+17
j  com.mysql.jdbc.StatementImpl.executeQuery(Ljava/lang/String;)Ljava/sql/ResultSet;+520
J  com.mysql.jdbc.ConnectionImpl.buildCollationMapping()V
j  com.mysql.jdbc.ConnectionImpl.initializePropsFromServer()V+158
j  com.mysql.jdbc.ConnectionImpl.connectOneTryOnly(ZLjava/util/Properties;)V+60
j  com.mysql.jdbc.ConnectionImpl.createNewIO(Z)V+26
j  com.mysql.jdbc.ConnectionImpl.<init>(Ljava/lang/String;ILjava/util/Properties;Ljava/lang/String;Ljava/lang/String;)V+938
j  com.mysql.jdbc.JDBC4Connection.<init>(Ljava/lang/String;ILjava/util/Properties;Ljava/lang/String;Ljava/lang/String;)V+18
j  sun.reflect.GeneratedConstructorAccessor29.newInstance([Ljava/lang/Object;)Ljava/lang/Object;+134
J  sun.reflect.DelegatingConstructorAccessorImpl.newInstance([Ljava/lang/Object;)Ljava/lang/Object;
J  java.lang.reflect.Constructor.newInstance([Ljava/lang/Object;)Ljava/lang/Object;
j  com.google.appengine.tools.development.agent.runtime.Runtime.newInstance_(Ljava/lang/Class;Ljava/lang/reflect/Constructor;[Ljava/lang/Object;)Ljava/lang/Object;+22
j  com.google.appengine.tools.development.agent.runtime.Runtime.newInstance(Ljava/lang/reflect/Constructor;[Ljava/lang/Object;)Ljava/lang/Object;+5
j  com.mysql.jdbc.Util.handleNewInstance(Ljava/lang/reflect/Constructor;[Ljava/lang/Object;Lcom/mysql/jdbc/ExceptionInterceptor;)Ljava/lang/Object;+13
j  com.mysql.jdbc.ConnectionImpl.getInstance(Ljava/lang/String;ILjava/util/Properties;Ljava/lang/String;Ljava/lang/String;)Lcom/mysql/jdbc/Connection;+74
j  com.mysql.jdbc.NonRegisteringDriver.connect(Ljava/lang/String;Ljava/util/Properties;)Ljava/sql/Connection;+109
j  java.sql.DriverManager.getConnection(Ljava/lang/String;Ljava/util/Properties;Ljava/lang/Class;)Ljava/sql/Connection;+172
j  java.sql.DriverManager.getConnection(Ljava/lang/String;Ljava/lang/String;Ljava/lang/String;)Ljava/sql/Connection;+37
j  afr.tafeltrainer3.server.MySQLAccess.getConn()Ljava/sql/Connection;+288
J  afr.tafeltrainer3.server.MySQLAccess.getTafelResults(I)Ljava/util/ArrayList;
j  afr.tafeltrainer3.server.SendMessage.createMessage()Ljava/lang/String;+331
j  afr.tafeltrainer3.server.SendMessage.<init>(Lafr/tafeltrainer3/shared/SuperUser;)V+60
j  afr.tafeltrainer3.server.ServerImpl.sendMail(Lafr/tafeltrainer3/shared/SuperUser;)V+15
v  ~StubRoutines::call_stub
j  sun.reflect.NativeMethodAccessorImpl.invoke0(Ljava/lang/reflect/Method;Ljava/lang/Object;[Ljava/lang/Object;)Ljava/lang/Object;+0
j  sun.reflect.NativeMethodAccessorImpl.invoke(Ljava/lang/Object;[Ljava/lang/Object;)Ljava/lang/Object;+87
j  sun.reflect.DelegatingMethodAccessorImpl.invoke(Ljava/lang/Object;[Ljava/lang/Object;)Ljava/lang/Object;+6
j  java.lang.reflect.Method.invoke(Ljava/lang/Object;[Ljava/lang/Object;)Ljava/lang/Object;+57
j  com.google.appengine.tools.development.agent.runtime.Runtime.invoke(Ljava/lang/reflect/Method;Ljava/lang/Object;[Ljava/lang/Object;)Ljava/lang/Object;+26
j  com.google.gwt.user.server.rpc.RPC.invokeAndEncodeResponse(Ljava/lang/Object;Ljava/lang/reflect/Method;[Ljava/lang/Object;Lcom/google/gwt/user/server/rpc/SerializationPolicy;I)Ljava/lang/String;+44
j  com.google.gwt.user.server.rpc.RemoteServiceServlet.processCall(Ljava/lang/String;)Ljava/lang/String;+62
j  com.google.gwt.user.server.rpc.RemoteServiceServlet.processPost(Ljavax/servlet/http/HttpServletRequest;Ljavax/servlet/http/HttpServletResponse;)V+13
j  com.google.gwt.user.server.rpc.AbstractRemoteServiceServlet.doPost(Ljavax/servlet/http/HttpServletRequest;Ljavax/servlet/http/HttpServletResponse;)V+59
j  javax.servlet.http.HttpServlet.service(Ljavax/servlet/http/HttpServletRequest;Ljavax/servlet/http/HttpServletResponse;)V+139
j  javax.servlet.http.HttpServlet.service(Ljavax/servlet/ServletRequest;Ljavax/servlet/ServletResponse;)V+30
j  org.mortbay.jetty.servlet.ServletHolder.handle(Ljavax/servlet/ServletRequest;Ljavax/servlet/ServletResponse;)V+179
j  org.mortbay.jetty.servlet.ServletHandler$CachedChain.doFilter(Ljavax/servlet/ServletRequest;Ljavax/servlet/ServletResponse;)V+103
j  com.google.appengine.api.socket.dev.DevSocketFilter.doFilter(Ljavax/servlet/ServletRequest;Ljavax/servlet/ServletResponse;Ljavax/servlet/FilterChain;)V+12
j  org.mortbay.jetty.servlet.ServletHandler$CachedChain.doFilter(Ljavax/servlet/ServletRequest;Ljavax/servlet/ServletResponse;)V+53
j  com.google.appengine.tools.development.ResponseRewriterFilter.doFilter(Ljavax/servlet/ServletRequest;Ljavax/servlet/ServletResponse;Ljavax/servlet/FilterChain;)V+54
j  org.mortbay.jetty.servlet.ServletHandler$CachedChain.doFilter(Ljavax/servlet/ServletRequest;Ljavax/servlet/ServletResponse;)V+53
j  com.google.appengine.tools.development.HeaderVerificationFilter.doFilter(Ljavax/servlet/ServletRequest;Ljavax/servlet/ServletResponse;Ljavax/servlet/FilterChain;)V+12
j  org.mortbay.jetty.servlet.ServletHandler$CachedChain.doFilter(Ljavax/servlet/ServletRequest;Ljavax/servlet/ServletResponse;)V+53
j  com.google.appengine.api.blobstore.dev.ServeBlobFilter.doFilter(Ljavax/servlet/ServletRequest;Ljavax/servlet/ServletResponse;Ljavax/servlet/FilterChain;)V+17
j  org.mortbay.jetty.servlet.ServletHandler$CachedChain.doFilter(Ljavax/servlet/ServletRequest;Ljavax/servlet/ServletResponse;)V+53
j  com.google.apphosting.utils.servlet.TransactionCleanupFilter.doFilter(Ljavax/servlet/ServletRequest;Ljavax/servlet/ServletResponse;Ljavax/servlet/FilterChain;)V+3
j  org.mortbay.jetty.servlet.ServletHandler$CachedChain.doFilter(Ljavax/servlet/ServletRequest;Ljavax/servlet/ServletResponse;)V+53
j  com.google.appengine.tools.development.StaticFileFilter.doFilter(Ljavax/servlet/ServletRequest;Ljavax/servlet/ServletResponse;Ljavax/servlet/FilterChain;)V+260
j  org.mortbay.jetty.servlet.ServletHandler$CachedChain.doFilter(Ljavax/servlet/ServletRequest;Ljavax/servlet/ServletResponse;)V+53
j  com.google.appengine.tools.development.DevAppServerModulesFilter.doDirectRequest(Ljava/lang/String;ILjavax/servlet/http/HttpServletRequest;Ljavax/servlet/http/HttpServletResponse;Ljavax/servlet/FilterChain;)V+97
j  com.google.appengine.tools.development.DevAppServerModulesFilter.doDirectModuleRequest(Ljavax/servlet/http/HttpServletRequest;Ljavax/servlet/http/HttpServletResponse;Ljavax/servlet/FilterChain;)V+31
j  com.google.appengine.tools.development.DevAppServerModulesFilter.doFilter(Ljavax/servlet/ServletRequest;Ljavax/servlet/ServletResponse;Ljavax/servlet/FilterChain;)V+74
j  org.mortbay.jetty.servlet.ServletHandler$CachedChain.doFilter(Ljavax/servlet/ServletRequest;Ljavax/servlet/ServletResponse;)V+53
j  org.mortbay.jetty.servlet.ServletHandler.handle(Ljava/lang/String;Ljavax/servlet/http/HttpServletRequest;Ljavax/servlet/http/HttpServletResponse;I)V+470
j  org.mortbay.jetty.security.SecurityHandler.handle(Ljava/lang/String;Ljavax/servlet/http/HttpServletRequest;Ljavax/servlet/http/HttpServletResponse;I)V+206
j  org.mortbay.jetty.servlet.SessionHandler.handle(Ljava/lang/String;Ljavax/servlet/http/HttpServletRequest;Ljavax/servlet/http/HttpServletResponse;I)V+225
j  org.mortbay.jetty.handler.ContextHandler.handle(Ljava/lang/String;Ljavax/servlet/http/HttpServletRequest;Ljavax/servlet/http/HttpServletResponse;I)V+714
j  org.mortbay.jetty.webapp.WebAppContext.handle(Ljava/lang/String;Ljavax/servlet/http/HttpServletRequest;Ljavax/servlet/http/HttpServletResponse;I)V+25
j  com.google.appengine.tools.development.DevAppEngineWebAppContext.handle(Ljava/lang/String;Ljavax/servlet/http/HttpServletRequest;Ljavax/servlet/http/HttpServletResponse;I)V+59
j  org.mortbay.jetty.handler.HandlerWrapper.handle(Ljava/lang/String;Ljavax/servlet/http/HttpServletRequest;Ljavax/servlet/http/HttpServletResponse;I)V+23
j  com.google.appengine.tools.development.JettyContainerService$ApiProxyHandler.handle(Ljava/lang/String;Ljavax/servlet/http/HttpServletRequest;Ljavax/servlet/http/HttpServletResponse;I)V+168
j  org.mortbay.jetty.handler.HandlerWrapper.handle(Ljava/lang/String;Ljavax/servlet/http/HttpServletRequest;Ljavax/servlet/http/HttpServletResponse;I)V+23
j  org.mortbay.jetty.Server.handle(Lorg/mortbay/jetty/HttpConnection;)V+114
j  org.mortbay.jetty.HttpConnection.handleRequest()V+138
j  org.mortbay.jetty.HttpConnection$RequestHandler.content(Lorg/mortbay/io/Buffer;)V+23
J  org.mortbay.jetty.HttpParser.parseNext()J
j  org.mortbay.jetty.HttpParser.parseAvailable()J+44
j  org.mortbay.jetty.HttpConnection.handle()V+124
j  org.mortbay.io.nio.SelectChannelEndPoint.run()V+4
j  org.mortbay.thread.QueuedThreadPool$PoolThread.run()V+25
v  ~StubRoutines::call_stub

---------------  P R O C E S S  ---------------

Java Threads: ( => current thread )
  0x00007f9869a78800 JavaThread "pool-3-thread-14" daemon [_thread_blocked, id=55839, stack(0x00000001168df000,0x00000001169df000)]
  0x00007f98699e7800 JavaThread "pool-3-thread-13" daemon [_thread_blocked, id=50195, stack(0x0000000117231000,0x0000000117331000)]
  0x00007f9869b67800 JavaThread "Code server for tafeltrainer3 from Mozilla/5.0 (Macintosh; Intel Mac OS X 10_9_2) AppleWebKit/537.36 (KHTML, like Gecko) Chrome/34.0.1847.116 Safari/537.36 on http://127.0.0.1:8888/Tafeltrainer3.html?gwt.codesvr=127.0.0.1:9997 @ ;!9=3sO8G#j5{Xj4" daemon [_thread_in_native, id=53523, stack(0x0000000116dcb000,0x0000000116ecb000)]
  0x00007f986af39800 JavaThread "Abandoned connection cleanup thread" daemon [_thread_blocked, id=14359, stack(0x000000011708f000,0x000000011718f000)]
  0x00007f986742a800 JavaThread "238929401@qtp-941233742-3" [_thread_blocked, id=55043, stack(0x0000000117d2d000,0x0000000117e2d000)]
  0x00007f986783c800 JavaThread "Timer-1" daemon [_thread_blocked, id=52751, stack(0x00000001181d1000,0x00000001182d1000)]
  0x00007f98661f0800 JavaThread "344702588@qtp-941233742-1 - Acceptor0 SelectChannelConnector@0.0.0.0:8888" [_thread_blocked, id=51463, stack(0x0000000117591000,0x0000000117691000)]
  0x00007f98643c6800 JavaThread "Code server listener" daemon [_thread_in_native, id=54019, stack(0x0000000116f7d000,0x000000011707d000)]
  0x00007f9863a9b000 JavaThread "Timer-0" daemon [_thread_blocked, id=52995, stack(0x0000000116c64000,0x0000000116d64000)]
  0x00007f98643a5000 JavaThread "pool-1-thread-1" [_thread_blocked, id=51971, stack(0x0000000116a4b000,0x0000000116b4b000)]
  0x00007f9863a7d000 JavaThread "Thread-3" daemon [_thread_blocked, id=50947, stack(0x00000001167dc000,0x00000001168dc000)]
  0x00007f9863a77000 JavaThread "Thread-2" [_thread_in_native, id=50439, stack(0x00000001166d9000,0x00000001167d9000)]
  0x00007f9863a58000 JavaThread "Java2D Disposer" daemon [_thread_blocked, id=48899, stack(0x00000001160c8000,0x00000001161c8000)]
  0x00007f98638ee000 JavaThread "Java2D Queue Flusher" daemon [_thread_blocked, id=46603, stack(0x000000011527b000,0x000000011537b000)]
  0x00007f9864183000 JavaThread "AppKit Thread" daemon [_thread_in_native, id=1287, stack(0x00007fff57e42000,0x00007fff57ec2000)]
  0x00007f98640da800 JavaThread "Service Thread" daemon [_thread_blocked, id=20227, stack(0x0000000110d82000,0x0000000110e82000)]
  0x00007f98640da000 JavaThread "C2 CompilerThread1" daemon [_thread_blocked, id=19715, stack(0x0000000110c7f000,0x0000000110d7f000)]
  0x00007f98640ce000 JavaThread "C2 CompilerThread0" daemon [_thread_blocked, id=19203, stack(0x0000000110b7c000,0x0000000110c7c000)]
  0x00007f9863862800 JavaThread "JDWP Command Reader" daemon [_thread_in_native, id=18691, stack(0x0000000110479000,0x0000000110579000)]
  0x00007f9863861800 JavaThread "JDWP Event Helper Thread" daemon [_thread_blocked, id=18179, stack(0x0000000110376000,0x0000000110476000)]
  0x00007f9864026000 JavaThread "JDWP Transport Listener: dt_socket" daemon [_thread_blocked, id=17667, stack(0x0000000110273000,0x0000000110373000)]
  0x00007f9863850000 JavaThread "Signal Dispatcher" daemon [_thread_blocked, id=17155, stack(0x000000011016a000,0x000000011026a000)]
  0x00007f986384e000 JavaThread "Finalizer" daemon [_thread_blocked, id=12035, stack(0x000000010fe98000,0x000000010ff98000)]
  0x00007f9863845800 JavaThread "Reference Handler" daemon [_thread_blocked, id=11523, stack(0x000000010fd95000,0x000000010fe95000)]
  0x00007f9864005000 JavaThread "main" [_thread_blocked, id=6915, stack(0x00000001088a6000,0x00000001089a6000)]

Other Threads:
  0x00007f986401a800 VMThread [stack: 0x000000010fc92000,0x000000010fd92000] [id=11011]
  0x00007f98640db800 WatcherThread [stack: 0x0000000110e85000,0x0000000110f85000] [id=20739]

=>0x00007f986380d800 (exited) GCTaskThread [stack: 0x000000010c4a9000,0x000000010c5a9000] [id=10499]

VM state:at safepoint (normal execution)

VM Mutex/Monitor currently owned by a thread:  ([mutex/lock_event])
[0x00007f986340f6d0] Threads_lock - owner thread: 0x00007f986401a800
[0x00007f986340fbd0] Heap_lock - owner thread: 0x00007f9869a78800

Heap
 PSYoungGen      total 164352K, used 163904K [0x00000007eaa80000, 0x00000007fac80000, 0x0000000800000000)
  eden space 162816K, 100% used [0x00000007eaa80000,0x00000007f4980000,0x00000007f4980000)
  from space 1536K, 70% used [0x00000007fab00000,0x00000007fac10120,0x00000007fac80000)
  to   space 41984K, 1% used [0x00000007f5a80000,0x00000007f5af80a0,0x00000007f8380000)
 ParOldGen       total 349696K, used 245832K [0x00000007c0000000, 0x00000007d5580000, 0x00000007eaa80000)
  object space 349696K, 70% used [0x00000007c0000000,0x00000007cf0121a0,0x00000007d5580000)
 PSPermGen       total 43520K, used 43312K [0x00000007b0000000, 0x00000007b2a80000, 0x00000007c0000000)
  object space 43520K, 99% used [0x00000007b0000000,0x00000007b2a4c160,0x00000007b2a80000)

Card table byte_map: [0x000000010bf4e000,0x000000010c1cf000] byte_map_base: 0x00000001081ce000

Polling page: 0x00000001089e5000

Code Cache  [0x0000000108e8e000, 0x000000010953e000, 0x000000010be8e000)
 total_blobs=2103 nmethods=1638 adapters=426 free_code_cache=42513Kb largest_free_block=43343232

Compilation events (10 events):
Event: 711.723 Thread 0x00007f98640ce000 1848             com.mysql.jdbc.ConnectionPropertiesImpl::getGatherPerformanceMetrics (8 bytes)
Event: 711.724 Thread 0x00007f98640ce000 nmethod 1848 0x00000001094c5cd0 code [0x00000001094c5e40, 0x00000001094c5f68]
Event: 712.352 Thread 0x00007f98640da000 1849             com.mysql.jdbc.Buffer::writeByte (23 bytes)
Event: 712.355 Thread 0x00007f98640da000 nmethod 1849 0x00000001093666d0 code [0x0000000109366840, 0x0000000109366b58]
Event: 712.590 Thread 0x00007f98640ce000 1850             com.mysql.jdbc.MysqlDefs::mysqlToJavaType (375 bytes)
Event: 712.591 Thread 0x00007f98640ce000 nmethod 1850 0x0000000109459490 code [0x00000001094595c0, 0x0000000109459798]
Event: 712.769 Thread 0x00007f98640da000 1851             com.mysql.jdbc.Buffer::readLong (90 bytes)
Event: 712.770 Thread 0x00007f98640da000 nmethod 1851 0x0000000109366350 code [0x00000001093664a0, 0x00000001093665f8]
Event: 913.442 Thread 0x00007f98640ce000 1852             java.lang.reflect.Constructor::getDeclaringClass (5 bytes)
Event: 913.442 Thread 0x00007f98640ce000 nmethod 1852 0x0000000109366150 code [0x0000000109366280, 0x00000001093662f8]

GC Heap History (10 events):
Event: 670.466 GC heap after
Heap after GC invocations=26 (full 0):
 PSYoungGen      total 178688K, used 1629K [0x00000007eaa80000, 0x00000007f8f00000, 0x0000000800000000)
  eden space 128512K, 0% used [0x00000007eaa80000,0x00000007eaa80000,0x00000007f2800000)
  from space 50176K, 3% used [0x00000007f5e00000,0x00000007f5f97678,0x00000007f8f00000)
  to   space 52736K, 0% used [0x00000007f2800000,0x00000007f2800000,0x00000007f5b80000)
 ParOldGen       total 349696K, used 244308K [0x00000007c0000000, 0x00000007d5580000, 0x00000007eaa80000)
  object space 349696K, 69% used [0x00000007c0000000,0x00000007cee953b0,0x00000007d5580000)
 PSPermGen       total 43520K, used 43235K [0x00000007b0000000, 0x00000007b2a80000, 0x00000007c0000000)
  object space 43520K, 99% used [0x00000007b0000000,0x00000007b2a38e70,0x00000007b2a80000)
}
Event: 678.986 GC heap before
{Heap before GC invocations=27 (full 0):
 PSYoungGen      total 178688K, used 130141K [0x00000007eaa80000, 0x00000007f8f00000, 0x0000000800000000)
  eden space 128512K, 100% used [0x00000007eaa80000,0x00000007f2800000,0x00000007f2800000)
  from space 50176K, 3% used [0x00000007f5e00000,0x00000007f5f97678,0x00000007f8f00000)
  to   space 52736K, 0% used [0x00000007f2800000,0x00000007f2800000,0x00000007f5b80000)
 ParOldGen       total 349696K, used 244308K [0x00000007c0000000, 0x00000007d5580000, 0x00000007eaa80000)
  object space 349696K, 69% used [0x00000007c0000000,0x00000007cee953b0,0x00000007d5580000)
 PSPermGen       total 43520K, used 43254K [0x00000007b0000000, 0x00000007b2a80000, 0x00000007c0000000)
  object space 43520K, 99% used [0x00000007b0000000,0x00000007b2a3dab0,0x00000007b2a80000)
Event: 678.994 GC heap after
Heap after GC invocations=27 (full 0):
 PSYoungGen      total 181248K, used 752K [0x00000007eaa80000, 0x00000007faf00000, 0x0000000800000000)
  eden space 128512K, 0% used [0x00000007eaa80000,0x00000007eaa80000,0x00000007f2800000)
  from space 52736K, 1% used [0x00000007f2800000,0x00000007f28bc070,0x00000007f5b80000)
  to   space 49664K, 0% used [0x00000007f7e80000,0x00000007f7e80000,0x00000007faf00000)
 ParOldGen       total 349696K, used 245093K [0x00000007c0000000, 0x00000007d5580000, 0x00000007eaa80000)
  object space 349696K, 70% used [0x00000007c0000000,0x00000007cef59410,0x00000007d5580000)
 PSPermGen       total 43520K, used 43254K [0x00000007b0000000, 0x00000007b2a80000, 0x00000007c0000000)
  object space 43520K, 99% used [0x00000007b0000000,0x00000007b2a3dab0,0x00000007b2a80000)
}
Event: 682.362 GC heap before
{Heap before GC invocations=28 (full 0):
 PSYoungGen      total 181248K, used 129264K [0x00000007eaa80000, 0x00000007faf00000, 0x0000000800000000)
  eden space 128512K, 100% used [0x00000007eaa80000,0x00000007f2800000,0x00000007f2800000)
  from space 52736K, 1% used [0x00000007f2800000,0x00000007f28bc070,0x00000007f5b80000)
  to   space 49664K, 0% used [0x00000007f7e80000,0x00000007f7e80000,0x00000007faf00000)
 ParOldGen       total 349696K, used 245093K [0x00000007c0000000, 0x00000007d5580000, 0x00000007eaa80000)
  object space 349696K, 70% used [0x00000007c0000000,0x00000007cef59410,0x00000007d5580000)
 PSPermGen       total 43520K, used 43277K [0x00000007b0000000, 0x00000007b2a80000, 0x00000007c0000000)
  object space 43520K, 99% used [0x00000007b0000000,0x00000007b2a43708,0x00000007b2a80000)
Event: 682.371 GC heap after
Heap after GC invocations=28 (full 0):
 PSYoungGen      total 211968K, used 832K [0x00000007eaa80000, 0x00000007faa00000, 0x0000000800000000)
  eden space 167424K, 0% used [0x00000007eaa80000,0x00000007eaa80000,0x00000007f4e00000)
  from space 44544K, 1% used [0x00000007f7e80000,0x00000007f7f500c0,0x00000007faa00000)
  to   space 47104K, 0% used [0x00000007f4e00000,0x00000007f4e00000,0x00000007f7c00000)
 ParOldGen       total 349696K, used 245441K [0x00000007c0000000, 0x00000007d5580000, 0x00000007eaa80000)
  object space 349696K, 70% used [0x00000007c0000000,0x00000007cefb0450,0x00000007d5580000)
 PSPermGen       total 43520K, used 43277K [0x00000007b0000000, 0x00000007b2a80000, 0x00000007c0000000)
  object space 43520K, 99% used [0x00000007b0000000,0x00000007b2a43708,0x00000007b2a80000)
}
Event: 709.973 GC heap before
{Heap before GC invocations=29 (full 0):
 PSYoungGen      total 211968K, used 168256K [0x00000007eaa80000, 0x00000007faa00000, 0x0000000800000000)
  eden space 167424K, 100% used [0x00000007eaa80000,0x00000007f4e00000,0x00000007f4e00000)
  from space 44544K, 1% used [0x00000007f7e80000,0x00000007f7f500c0,0x00000007faa00000)
  to   space 47104K, 0% used [0x00000007f4e00000,0x00000007f4e00000,0x00000007f7c00000)
 ParOldGen       total 349696K, used 245441K [0x00000007c0000000, 0x00000007d5580000, 0x00000007eaa80000)
  object space 349696K, 70% used [0x00000007c0000000,0x00000007cefb0450,0x00000007d5580000)
 PSPermGen       total 43520K, used 43284K [0x00000007b0000000, 0x00000007b2a80000, 0x00000007c0000000)
  object space 43520K, 99% used [0x00000007b0000000,0x00000007b2a45280,0x00000007b2a80000)
Event: 709.980 GC heap after
Heap after GC invocations=29 (full 0):
 PSYoungGen      total 214528K, used 976K [0x00000007eaa80000, 0x00000007fd680000, 0x0000000800000000)
  eden space 167424K, 0% used [0x00000007eaa80000,0x00000007eaa80000,0x00000007f4e00000)
  from space 47104K, 2% used [0x00000007f4e00000,0x00000007f4ef40f0,0x00000007f7c00000)
  to   space 44544K, 0% used [0x00000007fab00000,0x00000007fab00000,0x00000007fd680000)
 ParOldGen       total 349696K, used 245537K [0x00000007c0000000, 0x00000007d5580000, 0x00000007eaa80000)
  object space 349696K, 70% used [0x00000007c0000000,0x00000007cefc8460,0x00000007d5580000)
 PSPermGen       total 43520K, used 43284K [0x00000007b0000000, 0x00000007b2a80000, 0x00000007c0000000)
  object space 43520K, 99% used [0x00000007b0000000,0x00000007b2a45280,0x00000007b2a80000)
}
Event: 713.964 GC heap before
{Heap before GC invocations=30 (full 0):
 PSYoungGen      total 214528K, used 168400K [0x00000007eaa80000, 0x00000007fd680000, 0x0000000800000000)
  eden space 167424K, 100% used [0x00000007eaa80000,0x00000007f4e00000,0x00000007f4e00000)
  from space 47104K, 2% used [0x00000007f4e00000,0x00000007f4ef40f0,0x00000007f7c00000)
  to   space 44544K, 0% used [0x00000007fab00000,0x00000007fab00000,0x00000007fd680000)
 ParOldGen       total 349696K, used 245537K [0x00000007c0000000, 0x00000007d5580000, 0x00000007eaa80000)
  object space 349696K, 70% used [0x00000007c0000000,0x00000007cefc8460,0x00000007d5580000)
 PSPermGen       total 43520K, used 43286K [0x00000007b0000000, 0x00000007b2a80000, 0x00000007c0000000)
  object space 43520K, 99% used [0x00000007b0000000,0x00000007b2a45970,0x00000007b2a80000)
Event: 713.973 GC heap after
Heap after GC invocations=30 (full 0):
 PSYoungGen      total 164352K, used 1088K [0x00000007eaa80000, 0x00000007fac80000, 0x0000000800000000)
  eden space 162816K, 0% used [0x00000007eaa80000,0x00000007eaa80000,0x00000007f4980000)
  from space 1536K, 70% used [0x00000007fab00000,0x00000007fac10120,0x00000007fac80000)
  to   space 41984K, 0% used [0x00000007f5a80000,0x00000007f5a80000,0x00000007f8380000)
 ParOldGen       total 349696K, used 245728K [0x00000007c0000000, 0x00000007d5580000, 0x00000007eaa80000)
  object space 349696K, 70% used [0x00000007c0000000,0x00000007ceff8190,0x00000007d5580000)
 PSPermGen       total 43520K, used 43286K [0x00000007b0000000, 0x00000007b2a80000, 0x00000007c0000000)
  object space 43520K, 99% used [0x00000007b0000000,0x00000007b2a45970,0x00000007b2a80000)
}
Event: 947.907 GC heap before
{Heap before GC invocations=31 (full 0):
 PSYoungGen      total 164352K, used 163904K [0x00000007eaa80000, 0x00000007fac80000, 0x0000000800000000)
  eden space 162816K, 100% used [0x00000007eaa80000,0x00000007f4980000,0x00000007f4980000)
  from space 1536K, 70% used [0x00000007fab00000,0x00000007fac10120,0x00000007fac80000)
  to   space 41984K, 0% used [0x00000007f5a80000,0x00000007f5a80000,0x00000007f8380000)
 ParOldGen       total 349696K, used 245728K [0x00000007c0000000, 0x00000007d5580000, 0x00000007eaa80000)
  object space 349696K, 70% used [0x00000007c0000000,0x00000007ceff8190,0x00000007d5580000)
 PSPermGen       total 43520K, used 43312K [0x00000007b0000000, 0x00000007b2a80000, 0x00000007c0000000)
  object space 43520K, 99% used [0x00000007b0000000,0x00000007b2a4c160,0x00000007b2a80000)

Deoptimization events (10 events):
Event: 941.970 Thread 0x00007f986742a800 Uncommon trap: reason=unhandled action=none pc=0x0000000109495030 method=java.lang.Integer.parseInt(Ljava/lang/String;I)I @ 204
Event: 942.006 Thread 0x00007f986742a800 Uncommon trap: reason=unhandled action=none pc=0x000000010934493c method=com.mysql.jdbc.ResultSetImpl.checkClosed()Lcom/mysql/jdbc/MySQLConnection; @ 47
Event: 943.407 Thread 0x00007f986742a800 Uncommon trap: reason=unhandled action=none pc=0x0000000109495030 method=java.lang.Integer.parseInt(Ljava/lang/String;I)I @ 204
Event: 943.443 Thread 0x00007f986742a800 Uncommon trap: reason=unhandled action=none pc=0x000000010934493c method=com.mysql.jdbc.ResultSetImpl.checkClosed()Lcom/mysql/jdbc/MySQLConnection; @ 47
Event: 944.718 Thread 0x00007f986742a800 Uncommon trap: reason=unhandled action=none pc=0x0000000109495030 method=java.lang.Integer.parseInt(Ljava/lang/String;I)I @ 204
Event: 944.752 Thread 0x00007f986742a800 Uncommon trap: reason=unhandled action=none pc=0x000000010934493c method=com.mysql.jdbc.ResultSetImpl.checkClosed()Lcom/mysql/jdbc/MySQLConnection; @ 47
Event: 945.899 Thread 0x00007f986742a800 Uncommon trap: reason=unhandled action=none pc=0x0000000109495030 method=java.lang.Integer.parseInt(Ljava/lang/String;I)I @ 204
Event: 945.934 Thread 0x00007f986742a800 Uncommon trap: reason=unhandled action=none pc=0x000000010934493c method=com.mysql.jdbc.ResultSetImpl.checkClosed()Lcom/mysql/jdbc/MySQLConnection; @ 47
Event: 946.965 Thread 0x00007f986742a800 Uncommon trap: reason=unhandled action=none pc=0x0000000109495030 method=java.lang.Integer.parseInt(Ljava/lang/String;I)I @ 204
Event: 947.000 Thread 0x00007f986742a800 Uncommon trap: reason=unhandled action=none pc=0x000000010934493c method=com.mysql.jdbc.ResultSetImpl.checkClosed()Lcom/mysql/jdbc/MySQLConnection; @ 47

Internal exceptions (10 events):
Event: 210.535 Thread 0x00007f986a960000 Implicit null exception at 0x00000001093663f0 to 0x0000000109366745
Event: 210.536 Thread 0x00007f986acce000 Implicit null exception at 0x00000001093663f0 to 0x0000000109366745
Event: 210.785 Thread 0x00007f9869ae7800 Implicit null exception at 0x00000001093663f0 to 0x0000000109366745
Event: 656.809 Thread 0x00007f986463e800 Threw 0x00000007ee5f15c0 at /HUDSON/workspace/7u-2-build-macosx-x86_64/jdk7u45/229/hotspot/src/share/vm/prims/jvm.cpp:1244
Event: 657.240 Thread 0x00007f9869b67800 Implicit null exception at 0x0000000109112b48 to 0x0000000109116cd5
Event: 657.817 Thread 0x00007f9869b67800 Implicit null exception at 0x000000010915ed7a to 0x0000000109165749
Event: 657.819 Thread 0x00007f9869b67800 Implicit null exception at 0x000000010918b960 to 0x000000010918bf6d
Event: 658.666 Thread 0x00007f9869b67800 Implicit null exception at 0x000000010936c48f to 0x000000010936c521
Event: 658.837 Thread 0x00007f9869b67800 Implicit null exception at 0x000000010936d173 to 0x000000010936e4d1
Event: 668.675 Thread 0x00007f9869b1c800 Implicit null exception at 0x0000000109443cf4 to 0x000000010944438d

Events (10 events):
Event: 947.000 Thread 0x00007f986742a800 Uncommon trap: trap_request=0xffffffa7 fr.pc=0x000000010934493c
Event: 947.000 Thread 0x00007f986742a800 DEOPT PACKING pc=0x000000010934493c sp=0x0000000117e2a7a0
Event: 947.000 Thread 0x00007f986742a800 DEOPT UNPACKING pc=0x0000000108ec7045 sp=0x0000000117e2a760 mode 2
Event: 947.237 Executing VM operation: GetOrSetLocal
Event: 947.237 Executing VM operation: GetOrSetLocal done
Event: 947.589 Executing VM operation: GetOrSetLocal
Event: 947.589 Executing VM operation: GetOrSetLocal done
Event: 947.590 Executing VM operation: GetOrSetLocal
Event: 947.590 Executing VM operation: GetOrSetLocal done
Event: 947.907 Executing VM operation: ParallelGCFailedAllocation


Dynamic libraries:
0x00000000019ce000 	/System/Library/Frameworks/Cocoa.framework/Versions/A/Cocoa
0x00000000019ce000 	/System/Library/Frameworks/Security.framework/Versions/A/Security
0x00000000019ce000 	/System/Library/Frameworks/ApplicationServices.framework/Versions/A/ApplicationServices
0x00000000019ce000 	/usr/lib/libz.1.dylib
0x00000000019ce000 	/usr/lib/libSystem.B.dylib
0x00000000019ce000 	/usr/lib/libobjc.A.dylib
0x00000000019ce000 	/System/Library/Frameworks/CoreFoundation.framework/Versions/A/CoreFoundation
0x00000000019ce000 	/System/Library/Frameworks/Foundation.framework/Versions/C/Foundation
0x00000000019ce000 	/System/Library/Frameworks/AppKit.framework/Versions/C/AppKit
0x00000000019ce000 	/System/Library/Frameworks/CoreData.framework/Versions/A/CoreData
0x00000000019ce000 	/System/Library/PrivateFrameworks/RemoteViewServices.framework/Versions/A/RemoteViewServices
0x00000000019ce000 	/System/Library/Frameworks/AudioToolbox.framework/Versions/A/AudioToolbox
0x00000000019ce000 	/System/Library/Frameworks/AudioUnit.framework/Versions/A/AudioUnit
0x00000000019ce000 	/System/Library/PrivateFrameworks/DataDetectorsCore.framework/Versions/A/DataDetectorsCore
0x00000000019ce000 	/System/Library/PrivateFrameworks/DesktopServicesPriv.framework/Versions/A/DesktopServicesPriv
0x00000000019ce000 	/System/Library/Frameworks/Carbon.framework/Versions/A/Frameworks/HIToolbox.framework/Versions/A/HIToolbox
0x00000000019ce000 	/System/Library/Frameworks/QuartzCore.framework/Versions/A/QuartzCore
0x00000000019ce000 	/System/Library/Frameworks/Carbon.framework/Versions/A/Frameworks/SpeechRecognition.framework/Versions/A/SpeechRecognition
0x00000000019ce000 	/usr/lib/libauto.dylib
0x00000000019ce000 	/usr/lib/libicucore.A.dylib
0x00000000019ce000 	/usr/lib/libxml2.2.dylib
0x00000000019ce000 	/System/Library/PrivateFrameworks/CoreUI.framework/Versions/A/CoreUI
0x00000000019ce000 	/System/Library/Frameworks/CoreAudio.framework/Versions/A/CoreAudio
0x00000000019ce000 	/System/Library/Frameworks/DiskArbitration.framework/Versions/A/DiskArbitration
0x00000000019ce000 	/usr/lib/liblangid.dylib
0x00000000019ce000 	/System/Library/PrivateFrameworks/MultitouchSupport.framework/Versions/A/MultitouchSupport
0x00000000019ce000 	/System/Library/Frameworks/IOKit.framework/Versions/A/IOKit
0x00000000019ce000 	/usr/lib/libDiagnosticMessagesClient.dylib
0x00000000019ce000 	/System/Library/Frameworks/CoreServices.framework/Versions/A/CoreServices
0x00000000019ce000 	/System/Library/PrivateFrameworks/PerformanceAnalysis.framework/Versions/A/PerformanceAnalysis
0x00000000019ce000 	/System/Library/PrivateFrameworks/GenerationalStorage.framework/Versions/A/GenerationalStorage
0x00000000019ce000 	/System/Library/Frameworks/OpenGL.framework/Versions/A/OpenGL
0x00000000019ce000 	/System/Library/PrivateFrameworks/Sharing.framework/Versions/A/Sharing
0x00000000019ce000 	/System/Library/Frameworks/ImageIO.framework/Versions/A/ImageIO
0x00000000019ce000 	/System/Library/Frameworks/CoreText.framework/Versions/A/CoreText
0x00000000019ce000 	/System/Library/Frameworks/CoreGraphics.framework/Versions/A/CoreGraphics
0x00000000019ce000 	/System/Library/PrivateFrameworks/Backup.framework/Versions/A/Backup
0x00000000019ce000 	/System/Library/Frameworks/CFNetwork.framework/Versions/A/CFNetwork
0x00000000019ce000 	/System/Library/Frameworks/SystemConfiguration.framework/Versions/A/SystemConfiguration
0x00000000019ce000 	/usr/lib/libCRFSuite.dylib
0x00000000019ce000 	/usr/lib/libc++.1.dylib
0x00000000019ce000 	/usr/lib/libc++abi.dylib
0x00000000019ce000 	/usr/lib/system/libcache.dylib
0x00000000019ce000 	/usr/lib/system/libcommonCrypto.dylib
0x00000000019ce000 	/usr/lib/system/libcompiler_rt.dylib
0x00000000019ce000 	/usr/lib/system/libcopyfile.dylib
0x00000000019ce000 	/usr/lib/system/libcorecrypto.dylib
0x00000000019ce000 	/usr/lib/system/libdispatch.dylib
0x00000000019ce000 	/usr/lib/system/libdyld.dylib
0x00000000019ce000 	/usr/lib/system/libkeymgr.dylib
0x00000000019ce000 	/usr/lib/system/liblaunch.dylib
0x00000000019ce000 	/usr/lib/system/libmacho.dylib
0x00000000019ce000 	/usr/lib/system/libquarantine.dylib
0x00000000019ce000 	/usr/lib/system/libremovefile.dylib
0x00000000019ce000 	/usr/lib/system/libsystem_asl.dylib
0x00000000019ce000 	/usr/lib/system/libsystem_blocks.dylib
0x00000000019ce000 	/usr/lib/system/libsystem_c.dylib
0x00000000019ce000 	/usr/lib/system/libsystem_configuration.dylib
0x00000000019ce000 	/usr/lib/system/libsystem_dnssd.dylib
0x00000000019ce000 	/usr/lib/system/libsystem_info.dylib
0x00000000019ce000 	/usr/lib/system/libsystem_kernel.dylib
0x00000000019ce000 	/usr/lib/system/libsystem_m.dylib
0x00000000019ce000 	/usr/lib/system/libsystem_malloc.dylib
0x00000000019ce000 	/usr/lib/system/libsystem_network.dylib
0x00000000019ce000 	/usr/lib/system/libsystem_notify.dylib
0x00000000019ce000 	/usr/lib/system/libsystem_platform.dylib
0x00000000019ce000 	/usr/lib/system/libsystem_pthread.dylib
0x00000000019ce000 	/usr/lib/system/libsystem_sandbox.dylib
0x00000000019ce000 	/usr/lib/system/libsystem_stats.dylib
0x00000000019ce000 	/usr/lib/system/libunc.dylib
0x00000000019ce000 	/usr/lib/system/libunwind.dylib
0x00000000019ce000 	/usr/lib/system/libxpc.dylib
0x00000000019ce000 	/usr/lib/libbsm.0.dylib
0x00000000019ce000 	/usr/lib/libsqlite3.dylib
0x00000000019ce000 	/usr/lib/libxar.1.dylib
0x00000000019ce000 	/usr/lib/libpam.2.dylib
0x00000000019ce000 	/usr/lib/libOpenScriptingUtil.dylib
0x00000000019ce000 	/usr/lib/libbz2.1.0.dylib
0x00000000019ce000 	/System/Library/Frameworks/CoreServices.framework/Versions/A/Frameworks/CarbonCore.framework/Versions/A/CarbonCore
0x00000000019ce000 	/System/Library/Frameworks/CoreServices.framework/Versions/A/Frameworks/Metadata.framework/Versions/A/Metadata
0x00000000019ce000 	/System/Library/Frameworks/CoreServices.framework/Versions/A/Frameworks/OSServices.framework/Versions/A/OSServices
0x00000000019ce000 	/System/Library/Frameworks/CoreServices.framework/Versions/A/Frameworks/SearchKit.framework/Versions/A/SearchKit
0x00000000019ce000 	/System/Library/Frameworks/CoreServices.framework/Versions/A/Frameworks/AE.framework/Versions/A/AE
0x00000000019ce000 	/System/Library/Frameworks/CoreServices.framework/Versions/A/Frameworks/LaunchServices.framework/Versions/A/LaunchServices
0x00000000019ce000 	/System/Library/Frameworks/CoreServices.framework/Versions/A/Frameworks/DictionaryServices.framework/Versions/A/DictionaryServices
0x00000000019ce000 	/System/Library/Frameworks/NetFS.framework/Versions/A/NetFS
0x00000000019ce000 	/usr/lib/system/libkxld.dylib
0x00000000019ce000 	/System/Library/PrivateFrameworks/NetAuth.framework/Versions/A/NetAuth
0x00000000019ce000 	/System/Library/PrivateFrameworks/TCC.framework/Versions/A/TCC
0x00000000019ce000 	/System/Library/Frameworks/OpenDirectory.framework/Versions/A/Frameworks/CFOpenDirectory.framework/Versions/A/CFOpenDirectory
0x00000000019ce000 	/System/Library/Frameworks/ServiceManagement.framework/Versions/A/ServiceManagement
0x00000000019ce000 	/usr/lib/libxslt.1.dylib
0x00000000019ce000 	/System/Library/Frameworks/Carbon.framework/Versions/A/Frameworks/Ink.framework/Versions/A/Ink
0x00000000019ce000 	/System/Library/Frameworks/ApplicationServices.framework/Versions/A/Frameworks/ATS.framework/Versions/A/ATS
0x00000000019ce000 	/System/Library/Frameworks/ApplicationServices.framework/Versions/A/Frameworks/ColorSync.framework/Versions/A/ColorSync
0x00000000019ce000 	/System/Library/Frameworks/ApplicationServices.framework/Versions/A/Frameworks/HIServices.framework/Versions/A/HIServices
0x00000000019ce000 	/System/Library/Frameworks/ApplicationServices.framework/Versions/A/Frameworks/LangAnalysis.framework/Versions/A/LangAnalysis
0x00000000019ce000 	/System/Library/Frameworks/ApplicationServices.framework/Versions/A/Frameworks/PrintCore.framework/Versions/A/PrintCore
0x00000000019ce000 	/System/Library/Frameworks/ApplicationServices.framework/Versions/A/Frameworks/QD.framework/Versions/A/QD
0x00000000019ce000 	/System/Library/Frameworks/ApplicationServices.framework/Versions/A/Frameworks/SpeechSynthesis.framework/Versions/A/SpeechSynthesis
0x00000000019ce000 	/System/Library/Frameworks/IOSurface.framework/Versions/A/IOSurface
0x00000000019ce000 	/System/Library/Frameworks/Accelerate.framework/Versions/A/Accelerate
0x00000000019ce000 	/System/Library/Frameworks/Accelerate.framework/Versions/A/Frameworks/vImage.framework/Versions/A/vImage
0x00000000019ce000 	/System/Library/Frameworks/Accelerate.framework/Versions/A/Frameworks/vecLib.framework/Versions/A/vecLib
0x00000000019ce000 	/System/Library/Frameworks/Accelerate.framework/Versions/A/Frameworks/vecLib.framework/Versions/A/libvDSP.dylib
0x00000000019ce000 	/System/Library/Frameworks/Accelerate.framework/Versions/A/Frameworks/vecLib.framework/Versions/A/libvMisc.dylib
0x00000000019ce000 	/System/Library/Frameworks/Accelerate.framework/Versions/A/Frameworks/vecLib.framework/Versions/A/libLAPACK.dylib
0x00000000019ce000 	/System/Library/Frameworks/Accelerate.framework/Versions/A/Frameworks/vecLib.framework/Versions/A/libBLAS.dylib
0x00000000019ce000 	/System/Library/Frameworks/ApplicationServices.framework/Versions/A/Frameworks/ATS.framework/Versions/A/Resources/libFontParser.dylib
0x00000000019ce000 	/System/Library/Frameworks/ApplicationServices.framework/Versions/A/Frameworks/ATS.framework/Versions/A/Resources/libFontRegistry.dylib
0x00000000019ce000 	/System/Library/Frameworks/ImageIO.framework/Versions/A/Resources/libJPEG.dylib
0x00000000019ce000 	/System/Library/Frameworks/ImageIO.framework/Versions/A/Resources/libTIFF.dylib
0x00000000019ce000 	/System/Library/Frameworks/ImageIO.framework/Versions/A/Resources/libPng.dylib
0x00000000019ce000 	/System/Library/Frameworks/ImageIO.framework/Versions/A/Resources/libGIF.dylib
0x00000000019ce000 	/System/Library/Frameworks/ImageIO.framework/Versions/A/Resources/libJP2.dylib
0x00000000019ce000 	/System/Library/Frameworks/ImageIO.framework/Versions/A/Resources/libRadiance.dylib
0x00000000019ce000 	/usr/lib/libcups.2.dylib
0x00000000019ce000 	/System/Library/Frameworks/Kerberos.framework/Versions/A/Kerberos
0x00000000019ce000 	/System/Library/Frameworks/GSS.framework/Versions/A/GSS
0x00000000019ce000 	/usr/lib/libresolv.9.dylib
0x00000000019ce000 	/usr/lib/libiconv.2.dylib
0x00000000019ce000 	/System/Library/PrivateFrameworks/Heimdal.framework/Versions/A/Heimdal
0x00000000019ce000 	/System/Library/PrivateFrameworks/TrustEvaluationAgent.framework/Versions/A/TrustEvaluationAgent
0x00000000019ce000 	/usr/lib/libheimdal-asn1.dylib
0x00000000019ce000 	/System/Library/Frameworks/OpenDirectory.framework/Versions/A/OpenDirectory
0x00000000019ce000 	/System/Library/PrivateFrameworks/CommonAuth.framework/Versions/A/CommonAuth
0x00000000019ce000 	/System/Library/Frameworks/SecurityFoundation.framework/Versions/A/SecurityFoundation
0x00000000019ce000 	/System/Library/PrivateFrameworks/Bom.framework/Versions/A/Bom
0x00000000019ce000 	/System/Library/Frameworks/CoreVideo.framework/Versions/A/CoreVideo
0x00000000019ce000 	/System/Library/Frameworks/QuartzCore.framework/Versions/A/Frameworks/CoreImage.framework/Versions/A/CoreImage
0x00000000019ce000 	/System/Library/Frameworks/QuartzCore.framework/Versions/A/Frameworks/ScalableUserInterface.framework/Versions/A/ScalableUserInterface
0x00000000019ce000 	/System/Library/Frameworks/OpenGL.framework/Versions/A/Libraries/libGLU.dylib
0x00000000019ce000 	/System/Library/Frameworks/OpenGL.framework/Versions/A/Libraries/libGFXShared.dylib
0x00000000019ce000 	/System/Library/Frameworks/OpenGL.framework/Versions/A/Libraries/libGL.dylib
0x00000000019ce000 	/System/Library/Frameworks/OpenGL.framework/Versions/A/Libraries/libGLImage.dylib
0x00000000019ce000 	/System/Library/Frameworks/OpenGL.framework/Versions/A/Libraries/libCVMSPluginSupport.dylib
0x00000000019ce000 	/System/Library/Frameworks/OpenGL.framework/Versions/A/Libraries/libCoreVMClient.dylib
0x00000000019ce000 	/System/Library/PrivateFrameworks/FaceCore.framework/Versions/A/FaceCore
0x00000000019ce000 	/System/Library/PrivateFrameworks/CrashReporterSupport.framework/Versions/A/CrashReporterSupport
0x00000000019ce000 	/System/Library/Frameworks/OpenCL.framework/Versions/A/OpenCL
0x00000000019ce000 	/System/Library/PrivateFrameworks/AppleFSCompression.framework/Versions/A/AppleFSCompression
0x00000000019ce000 	/System/Library/PrivateFrameworks/Ubiquity.framework/Versions/A/Ubiquity
0x00000000019ce000 	/System/Library/PrivateFrameworks/IconServices.framework/Versions/A/IconServices
0x00000000019ce000 	/System/Library/PrivateFrameworks/ChunkingLibrary.framework/Versions/A/ChunkingLibrary
0x00000000019ce000 	/System/Library/PrivateFrameworks/CoreSymbolication.framework/Versions/A/CoreSymbolication
0x00000000019ce000 	/System/Library/PrivateFrameworks/Symbolication.framework/Versions/A/Symbolication
0x00000000019ce000 	/System/Library/PrivateFrameworks/DebugSymbols.framework/Versions/A/DebugSymbols
0x0000000107e3c000 	/Library/Java/JavaVirtualMachines/jdk1.7.0_45.jdk/Contents/Home/jre/lib/server/libjvm.dylib
0x00000000019ce000 	/usr/lib/libstdc++.6.dylib
0x00000001089a8000 	/Library/Java/JavaVirtualMachines/jdk1.7.0_45.jdk/Contents/Home/jre/lib/libverify.dylib
0x00000001089b5000 	/Library/Java/JavaVirtualMachines/jdk1.7.0_45.jdk/Contents/Home/jre/lib/libjava.dylib
0x0000000108e00000 	/Library/Java/JavaVirtualMachines/jdk1.7.0_45.jdk/Contents/Home/jre/lib/libjdwp.dylib
0x00000001089e6000 	/Library/Java/JavaVirtualMachines/jdk1.7.0_45.jdk/Contents/Home/jre/lib/libnpt.dylib
0x0000000108e3d000 	/Library/Java/JavaVirtualMachines/jdk1.7.0_45.jdk/Contents/Home/jre/lib/libinstrument.dylib
0x00000001089f4000 	/Library/Java/JavaVirtualMachines/jdk1.7.0_45.jdk/Contents/Home/jre/lib/libzip.dylib
0x000000010ff9a000 	/System/Library/Frameworks/JavaVM.framework/Frameworks/JavaRuntimeSupport.framework/JavaRuntimeSupport
0x000000010ffb2000 	/System/Library/Frameworks/JavaVM.framework/Versions/A/Frameworks/JavaNativeFoundation.framework/Versions/A/JavaNativeFoundation
0x000000010ffc7000 	/System/Library/Frameworks/JavaVM.framework/Versions/A/JavaVM
0x00000000019ce000 	/System/Library/Frameworks/Carbon.framework/Versions/A/Carbon
0x000000010ffd4000 	/System/Library/PrivateFrameworks/JavaLaunching.framework/Versions/A/JavaLaunching
0x00000000019ce000 	/System/Library/Frameworks/Carbon.framework/Versions/A/Frameworks/CommonPanels.framework/Versions/A/CommonPanels
0x00000000019ce000 	/System/Library/Frameworks/Carbon.framework/Versions/A/Frameworks/Help.framework/Versions/A/Help
0x00000000019ce000 	/System/Library/Frameworks/Carbon.framework/Versions/A/Frameworks/ImageCapture.framework/Versions/A/ImageCapture
0x00000000019ce000 	/System/Library/Frameworks/Carbon.framework/Versions/A/Frameworks/OpenScripting.framework/Versions/A/OpenScripting
0x00000000019ce000 	/System/Library/Frameworks/Carbon.framework/Versions/A/Frameworks/Print.framework/Versions/A/Print
0x00000000019ce000 	/System/Library/Frameworks/Carbon.framework/Versions/A/Frameworks/SecurityHI.framework/Versions/A/SecurityHI
0x000000011026c000 	/Library/Java/JavaVirtualMachines/jdk1.7.0_45.jdk/Contents/Home/jre/lib/libdt_socket.dylib
0x0000000111028000 	/Library/Java/JavaVirtualMachines/jdk1.7.0_45.jdk/Contents/Home/jre/lib/libnet.dylib
0x0000000111085000 	/Library/Java/JavaVirtualMachines/jdk1.7.0_45.jdk/Contents/Home/jre/lib/libawt.dylib
0x0000000111134000 	/Library/Java/JavaVirtualMachines/jdk1.7.0_45.jdk/Contents/Home/jre/lib/./libmlib_image.dylib
0x0000000111200000 	/Library/Java/JavaVirtualMachines/jdk1.7.0_45.jdk/Contents/Home/jre/lib/lwawt/liblwawt.dylib
0x00000001112b4000 	/Library/Java/JavaVirtualMachines/jdk1.7.0_45.jdk/Contents/Home/jre/lib/libosxapp.dylib
0x00000000019ce000 	/System/Library/Frameworks/ExceptionHandling.framework/Versions/A/ExceptionHandling
0x00000000019ce000 	/System/Library/PrivateFrameworks/CoreServicesInternal.framework/Versions/A/CoreServicesInternal
0x00000000019ce000 	/System/Library/PrivateFrameworks/Librarian.framework/Versions/A/Librarian
0x0000000112a93000 	/System/Library/Frameworks/CoreGraphics.framework/Versions/A/Resources/libCGCMS.A.dylib
0x0000000112aa4000 	/System/Library/Frameworks/CoreGraphics.framework/Versions/A/Resources/libRIP.A.dylib
0x0000000112af4000 	/System/Library/Frameworks/CoreGraphics.framework/Versions/A/Resources/libCGXType.A.dylib
0x00000000019ce000 	/System/Library/PrivateFrameworks/FamilyControls.framework/Versions/A/FamilyControls
0x00000000019ce000 	/System/Library/PrivateFrameworks/CommerceKit.framework/Versions/A/Frameworks/CommerceCore.framework/Versions/A/CommerceCore
0x00000000019ce000 	/System/Library/PrivateFrameworks/SystemAdministration.framework/Versions/A/SystemAdministration
0x00000000019ce000 	/System/Library/Frameworks/DirectoryService.framework/Versions/A/DirectoryService
0x00000000019ce000 	/System/Library/PrivateFrameworks/DiskImages.framework/Versions/A/DiskImages
0x00000000019ce000 	/System/Library/PrivateFrameworks/LoginUIKit.framework/Versions/A/Frameworks/LoginUICore.framework/Versions/A/LoginUICore
0x00000000019ce000 	/usr/lib/libCoreStorage.dylib
0x00000000019ce000 	/usr/lib/libcsfde.dylib
0x00000000019ce000 	/usr/lib/libodfde.dylib
0x00000000019ce000 	/System/Library/Frameworks/DiscRecording.framework/Versions/A/DiscRecording
0x00000000019ce000 	/usr/lib/libcurl.4.dylib
0x00000000019ce000 	/System/Library/PrivateFrameworks/MediaKit.framework/Versions/A/MediaKit
0x00000000019ce000 	/System/Library/PrivateFrameworks/EFILogin.framework/Versions/A/EFILogin
0x00000000019ce000 	/usr/lib/libutil.dylib
0x00000000019ce000 	/System/Library/PrivateFrameworks/AOSNotification.framework/Versions/A/AOSNotification
0x00000000019ce000 	/System/Library/Frameworks/LDAP.framework/Versions/A/LDAP
0x00000000019ce000 	/usr/lib/libsasl2.2.dylib
0x00000000019ce000 	/usr/lib/libcrypto.0.9.8.dylib
0x00000000019ce000 	/usr/lib/libssl.0.9.8.dylib
0x00000000019ce000 	/System/Library/Frameworks/OpenGL.framework/Versions/A/Resources/GLEngine.bundle/GLEngine
0x00000000019ce000 	/System/Library/Frameworks/OpenGL.framework/Versions/A/Libraries/libGLProgrammability.dylib
0x0000000000000000 	/System/Library/Extensions/GeForceTeslaGLDriver.bundle/Contents/MacOS/GeForceTeslaGLDriver
0x000000011537d000 	/System/Library/Extensions/GeForceTeslaGLDriver.bundle/Contents/MacOS/libclh.dylib
0x0000000113921000 	/System/Library/PrivateFrameworks/GPUSupport.framework/Versions/A/Libraries/libGPUSupport.dylib
0x00000000019ce000 	/System/Library/Frameworks/OpenGL.framework/Versions/A/Resources/GLRendererFloat.bundle/GLRendererFloat
0x00000000019ce000 	/System/Library/Frameworks/OpenCL.framework/Versions/A/Libraries/libcldcpuengine.dylib
0x0000000116674000 	/Library/Java/JavaVirtualMachines/jdk1.7.0_45.jdk/Contents/Home/jre/lib/libfontmanager.dylib
0x0000000116c55000 	/Library/Java/JavaVirtualMachines/jdk1.7.0_45.jdk/Contents/Home/jre/lib/libosx.dylib
0x000000011707f000 	/Library/Java/JavaVirtualMachines/jdk1.7.0_45.jdk/Contents/Home/jre/lib/libnio.dylib

VM Arguments:
jvm_args: -agentlib:jdwp=transport=dt_socket,suspend=y,address=localhost:50736 -Drdbms.password= -Drdbms.user=root -Drdbms.database=mysql -Drdbms.hosted.instance=subtle-reserve-547:mysql-instance -Drdbms.server=hosted -Xms512m -Xmx1g -XX:MaxPermSize=256M -XX:+UseParallelGC -javaagent:/Users/ap/Documents/appengine-java-sdk-1.8.7/lib/agent/appengine-agent.jar -Xbootclasspath/p:/Users/ap/Documents/appengine-java-sdk-1.8.7/lib/override/appengine-dev-jdk-overrides.jar -Drdbms.extra.properties=oauth2RefreshToken=1/AmtGrbxYrMM2mMGwcR6tSzGgHOxZ6N_1VoqUDwbLrCg,oauth2AccessToken=ya29.1.AADtN_XHwdcsEO1AvftgbNCk4LlOIDoHlmE-oS2yv1J4bL0d7r_32VEUCX8dIQh9MzI_e0CO,oauth2ClientId=130316539331.apps.googleusercontent.com,oauth2ClientSecret=BKJLTAwVCWI02VlNgncEzJXx -Dfile.encoding=UTF-8 
java_command: com.google.gwt.dev.DevMode -remoteUI 54349:1399377900898841000 -startupUrl Tafeltrainer3.html -logLevel INFO -codeServerPort 9997 -port 8888 -server com.google.appengine.tools.development.gwt.AppEngineLauncher -war /Users/ap/Documents/workspace/tafeltrainer3/war afr.tafeltrainer3.Tafeltrainer3
Launcher Type: SUN_STANDARD

Environment Variables:
PATH=/usr/bin:/bin:/usr/sbin:/sbin
SHELL=/bin/bash
DISPLAY=/tmp/launch-Vi4SZA/org.macosforge.xquartz:0

Signal Handlers:
SIGSEGV: [libjvm.dylib+0x525415], sa_mask[0]=0xfffefeff, sa_flags=0x00000043
SIGBUS: [libjvm.dylib+0x525415], sa_mask[0]=0xfffefeff, sa_flags=0x00000042
SIGFPE: [libjvm.dylib+0x41891a], sa_mask[0]=0xfffefeff, sa_flags=0x00000042
SIGPIPE: [libjvm.dylib+0x41891a], sa_mask[0]=0xfffefeff, sa_flags=0x00000042
SIGXFSZ: [libjvm.dylib+0x41891a], sa_mask[0]=0xfffefeff, sa_flags=0x00000042
SIGILL: [libjvm.dylib+0x41891a], sa_mask[0]=0xfffefeff, sa_flags=0x00000042
SIGUSR1: SIG_DFL, sa_mask[0]=0x00000000, sa_flags=0x00000002
SIGUSR2: [libjvm.dylib+0x41840c], sa_mask[0]=0x00000004, sa_flags=0x00000042
SIGHUP: [libjvm.dylib+0x41669b], sa_mask[0]=0xfffefeff, sa_flags=0x00000042
SIGINT: [libjvm.dylib+0x41669b], sa_mask[0]=0xfffefeff, sa_flags=0x00000042
SIGTERM: [libjvm.dylib+0x41669b], sa_mask[0]=0xfffefeff, sa_flags=0x00000042
SIGQUIT: [libjvm.dylib+0x41669b], sa_mask[0]=0xfffefeff, sa_flags=0x00000042


---------------  S Y S T E M  ---------------

OS:Bsduname:Darwin 13.1.0 Darwin Kernel Version 13.1.0: Wed Apr  2 23:52:02 PDT 2014; root:xnu-2422.92.1~2/RELEASE_X86_64 x86_64
rlimit: STACK 8192k, CORE 0k, NPROC 709, NOFILE 10240, AS infinity
load average:1.61 1.62 1.68

CPU:total 2 (2 cores per cpu, 1 threads per core) family 6 model 23 stepping 10, cmov, cx8, fxsr, mmx, sse, sse2, sse3, ssse3, sse4.1, tsc

Memory: 4k page, physical 4194304k(1048576k free)

/proc/meminfo:


vm_info: Java HotSpot(TM) 64-Bit Server VM (24.45-b08) for bsd-amd64 JRE (1.7.0_45-b18), built on Oct  8 2013 05:54:16 by "java_re" with gcc 4.2.1 (Based on Apple Inc. build 5658) (LLVM build 2336.11.00)

time: Tue May  6 14:20:48 2014
elapsed time: 947 seconds

